Fri Nov 04 11:12:43 BRST 2016 : Apache Derby Servidor de Rede - 10.10.2.0 - (1582446) iniciado e pronto para aceitar conexões na porta 1527 em {3}
----------------------------------------------------------------
Fri Nov 04 11:12:43 BRST 2016:
 Inicializando o Derby versão The Apache Software Foundation - Apache Derby - 10.10.2.0 - (1582446): instância a816c00e-0158-2f78-4cab-ffffe7f77805
no diretório de banco de dados C:\Temp\ProjetoLp2\Projeto\db\dbProjeto 

java.vendor=Oracle Corporation
java.runtime.version=1.8.0_40-b26
user.dir=C:\Temp\glassfish-4.1\glassfish4\javadb
os.name=Windows 7
os.arch=amd64
os.version=6.1
derby.system.home=C:\Temp\ProjetoLp2\Projeto\db
Carregador de classe do banco de dados iniciado - derby.database.classpath=''
----------------------------------------------------------------
Fri Nov 04 11:12:57 BRST 2016:
Encerrando a instância a816c00e-0158-2f78-4cab-ffffe7f77805
Fri Nov 04 11:12:57 BRST 2016 Thread[DRDAConnThread_2,5,main] (DATABASE = dbProjeto), (DRDAID = {2}), Banco de dados 'dbProjeto' fechado.
----------------------------------------------------------------
Fri Nov 04 11:13:04 BRST 2016:
 Inicializando o Derby versão The Apache Software Foundation - Apache Derby - 10.10.2.0 - (1582446): instância 560740aa-0158-2f78-4cab-ffffe7f77805
no diretório de banco de dados C:\Temp\ProjetoLp2\Projeto\db\dbProjeto 

java.vendor=Oracle Corporation
java.runtime.version=1.8.0_40-b26
user.dir=C:\Temp\glassfish-4.1\glassfish4\javadb
os.name=Windows 7
os.arch=amd64
os.version=6.1
derby.system.home=C:\Temp\ProjetoLp2\Projeto\db
Carregador de classe do banco de dados iniciado - derby.database.classpath=''
